<?xml version="1.0" encoding="UTF-8"?>
<testsuite xmlns:xsi="http://www.w3.org/2001/XMLSchema-instance" xsi:noNamespaceSchemaLocation="https://maven.apache.org/surefire/maven-surefire-plugin/xsd/surefire-test-report-3.0.xsd" version="3.0" name="at.labuda.TestRandomNumber" time="0.132" tests="2" errors="0" skipped="0" failures="0">
  <properties>
    <property name="sun.desktop" value="windows"/>
    <property name="awt.toolkit" value="sun.awt.windows.WToolkit"/>
    <property name="jdk.extensions.version" value="8.0.292.0"/>
    <property name="file.encoding.pkg" value="sun.io"/>
    <property name="java.specification.version" value="1.8"/>
    <property name="sun.jnu.encoding" value="Cp1252"/>
    <property name="java.class.path" value="C:\Temp\git\RandomNumber\target\test-classes;C:\Temp\git\RandomNumber\target\classes;C:\Users\Admin\.m2\repository\org\glassfish\jersey\core\jersey-server\2.32\jersey-server-2.32.jar;C:\Users\Admin\.m2\repository\org\glassfish\jersey\core\jersey-common\2.32\jersey-common-2.32.jar;C:\Users\Admin\.m2\repository\org\glassfish\hk2\osgi-resource-locator\1.0.3\osgi-resource-locator-1.0.3.jar;C:\Users\Admin\.m2\repository\org\glassfish\jersey\core\jersey-client\2.32\jersey-client-2.32.jar;C:\Users\Admin\.m2\repository\jakarta\ws\rs\jakarta.ws.rs-api\2.1.6\jakarta.ws.rs-api-2.1.6.jar;C:\Users\Admin\.m2\repository\org\glassfish\jersey\media\jersey-media-jaxb\2.32\jersey-media-jaxb-2.32.jar;C:\Users\Admin\.m2\repository\jakarta\annotation\jakarta.annotation-api\1.3.5\jakarta.annotation-api-1.3.5.jar;C:\Users\Admin\.m2\repository\org\glassfish\hk2\external\jakarta.inject\2.6.1\jakarta.inject-2.6.1.jar;C:\Users\Admin\.m2\repository\jakarta\validation\jakarta.validation-api\2.0.2\jakarta.validation-api-2.0.2.jar;C:\Users\Admin\.m2\repository\org\glassfish\jersey\containers\jersey-container-jdk-http\2.32\jersey-container-jdk-http-2.32.jar;C:\Users\Admin\.m2\repository\org\glassfish\jersey\inject\jersey-hk2\2.32\jersey-hk2-2.32.jar;C:\Users\Admin\.m2\repository\org\glassfish\hk2\hk2-locator\2.6.1\hk2-locator-2.6.1.jar;C:\Users\Admin\.m2\repository\org\glassfish\hk2\external\aopalliance-repackaged\2.6.1\aopalliance-repackaged-2.6.1.jar;C:\Users\Admin\.m2\repository\org\glassfish\hk2\hk2-api\2.6.1\hk2-api-2.6.1.jar;C:\Users\Admin\.m2\repository\org\glassfish\hk2\hk2-utils\2.6.1\hk2-utils-2.6.1.jar;C:\Users\Admin\.m2\repository\org\javassist\javassist\3.25.0-GA\javassist-3.25.0-GA.jar;C:\Users\Admin\.m2\repository\org\junit\jupiter\junit-jupiter\5.8.0-M1\junit-jupiter-5.8.0-M1.jar;C:\Users\Admin\.m2\repository\org\junit\jupiter\junit-jupiter-api\5.8.0-M1\junit-jupiter-api-5.8.0-M1.jar;C:\Users\Admin\.m2\repository\org\apiguardian\apiguardian-api\1.1.1\apiguardian-api-1.1.1.jar;C:\Users\Admin\.m2\repository\org\opentest4j\opentest4j\1.2.0\opentest4j-1.2.0.jar;C:\Users\Admin\.m2\repository\org\junit\platform\junit-platform-commons\1.8.0-M1\junit-platform-commons-1.8.0-M1.jar;C:\Users\Admin\.m2\repository\org\junit\jupiter\junit-jupiter-params\5.8.0-M1\junit-jupiter-params-5.8.0-M1.jar;C:\Users\Admin\.m2\repository\org\junit\jupiter\junit-jupiter-engine\5.8.0-M1\junit-jupiter-engine-5.8.0-M1.jar;C:\Users\Admin\.m2\repository\org\junit\platform\junit-platform-engine\1.8.0-M1\junit-platform-engine-1.8.0-M1.jar;C:\Users\Admin\.m2\repository\org\jetbrains\kotlin\kotlin-stdlib-jdk8\1.4.20\kotlin-stdlib-jdk8-1.4.20.jar;C:\Users\Admin\.m2\repository\org\jetbrains\kotlin\kotlin-stdlib\1.4.20\kotlin-stdlib-1.4.20.jar;C:\Users\Admin\.m2\repository\org\jetbrains\kotlin\kotlin-stdlib-common\1.4.20\kotlin-stdlib-common-1.4.20.jar;C:\Users\Admin\.m2\repository\org\jetbrains\annotations\13.0\annotations-13.0.jar;C:\Users\Admin\.m2\repository\org\jetbrains\kotlin\kotlin-stdlib-jdk7\1.4.20\kotlin-stdlib-jdk7-1.4.20.jar;"/>
    <property name="java.vm.vendor" value="Eclipse OpenJ9"/>
    <property name="com.ibm.zero.version" value="2"/>
    <property name="sun.arch.data.model" value="64"/>
    <property name="com.ibm.vm.bitmode" value="64"/>
    <property name="user.variant" value=""/>
    <property name="com.ibm.oti.vm.library.version" value="29"/>
    <property name="java.vendor.url" value="https://adoptopenjdk.net/"/>
    <property name="user.timezone" value="Europe/Berlin"/>
    <property name="os.name" value="Windows 10"/>
    <property name="java.vm.specification.version" value="1.8"/>
    <property name="sun.java.launcher" value="SUN_STANDARD"/>
    <property name="user.country" value="AT"/>
    <property name="sun.boot.library.path" value="C:\Users\Admin\.jdks\adopt-openj9-1.8.0_292\jre\bin\default;C:\Users\Admin\.jdks\adopt-openj9-1.8.0_292\jre\bin"/>
    <property name="sun.java.command" value="C:\Users\Admin\AppData\Local\Temp\surefire7244858941843573389\surefirebooter7342039629734190086.jar C:\Users\Admin\AppData\Local\Temp\surefire7244858941843573389 2021-06-30T20-43-21_007-jvmRun1 surefire3964284128383731895tmp surefire_01543404235762165713tmp"/>
    <property name="surefire.test.class.path" value="C:\Temp\git\RandomNumber\target\test-classes;C:\Temp\git\RandomNumber\target\classes;C:\Users\Admin\.m2\repository\org\glassfish\jersey\core\jersey-server\2.32\jersey-server-2.32.jar;C:\Users\Admin\.m2\repository\org\glassfish\jersey\core\jersey-common\2.32\jersey-common-2.32.jar;C:\Users\Admin\.m2\repository\org\glassfish\hk2\osgi-resource-locator\1.0.3\osgi-resource-locator-1.0.3.jar;C:\Users\Admin\.m2\repository\org\glassfish\jersey\core\jersey-client\2.32\jersey-client-2.32.jar;C:\Users\Admin\.m2\repository\jakarta\ws\rs\jakarta.ws.rs-api\2.1.6\jakarta.ws.rs-api-2.1.6.jar;C:\Users\Admin\.m2\repository\org\glassfish\jersey\media\jersey-media-jaxb\2.32\jersey-media-jaxb-2.32.jar;C:\Users\Admin\.m2\repository\jakarta\annotation\jakarta.annotation-api\1.3.5\jakarta.annotation-api-1.3.5.jar;C:\Users\Admin\.m2\repository\org\glassfish\hk2\external\jakarta.inject\2.6.1\jakarta.inject-2.6.1.jar;C:\Users\Admin\.m2\repository\jakarta\validation\jakarta.validation-api\2.0.2\jakarta.validation-api-2.0.2.jar;C:\Users\Admin\.m2\repository\org\glassfish\jersey\containers\jersey-container-jdk-http\2.32\jersey-container-jdk-http-2.32.jar;C:\Users\Admin\.m2\repository\org\glassfish\jersey\inject\jersey-hk2\2.32\jersey-hk2-2.32.jar;C:\Users\Admin\.m2\repository\org\glassfish\hk2\hk2-locator\2.6.1\hk2-locator-2.6.1.jar;C:\Users\Admin\.m2\repository\org\glassfish\hk2\external\aopalliance-repackaged\2.6.1\aopalliance-repackaged-2.6.1.jar;C:\Users\Admin\.m2\repository\org\glassfish\hk2\hk2-api\2.6.1\hk2-api-2.6.1.jar;C:\Users\Admin\.m2\repository\org\glassfish\hk2\hk2-utils\2.6.1\hk2-utils-2.6.1.jar;C:\Users\Admin\.m2\repository\org\javassist\javassist\3.25.0-GA\javassist-3.25.0-GA.jar;C:\Users\Admin\.m2\repository\org\junit\jupiter\junit-jupiter\5.8.0-M1\junit-jupiter-5.8.0-M1.jar;C:\Users\Admin\.m2\repository\org\junit\jupiter\junit-jupiter-api\5.8.0-M1\junit-jupiter-api-5.8.0-M1.jar;C:\Users\Admin\.m2\repository\org\apiguardian\apiguardian-api\1.1.1\apiguardian-api-1.1.1.jar;C:\Users\Admin\.m2\repository\org\opentest4j\opentest4j\1.2.0\opentest4j-1.2.0.jar;C:\Users\Admin\.m2\repository\org\junit\platform\junit-platform-commons\1.8.0-M1\junit-platform-commons-1.8.0-M1.jar;C:\Users\Admin\.m2\repository\org\junit\jupiter\junit-jupiter-params\5.8.0-M1\junit-jupiter-params-5.8.0-M1.jar;C:\Users\Admin\.m2\repository\org\junit\jupiter\junit-jupiter-engine\5.8.0-M1\junit-jupiter-engine-5.8.0-M1.jar;C:\Users\Admin\.m2\repository\org\junit\platform\junit-platform-engine\1.8.0-M1\junit-platform-engine-1.8.0-M1.jar;C:\Users\Admin\.m2\repository\org\jetbrains\kotlin\kotlin-stdlib-jdk8\1.4.20\kotlin-stdlib-jdk8-1.4.20.jar;C:\Users\Admin\.m2\repository\org\jetbrains\kotlin\kotlin-stdlib\1.4.20\kotlin-stdlib-1.4.20.jar;C:\Users\Admin\.m2\repository\org\jetbrains\kotlin\kotlin-stdlib-common\1.4.20\kotlin-stdlib-common-1.4.20.jar;C:\Users\Admin\.m2\repository\org\jetbrains\annotations\13.0\annotations-13.0.jar;C:\Users\Admin\.m2\repository\org\jetbrains\kotlin\kotlin-stdlib-jdk7\1.4.20\kotlin-stdlib-jdk7-1.4.20.jar;"/>
    <property name="sun.cpu.endian" value="little"/>
    <property name="user.home" value="C:\Users\Admin"/>
    <property name="user.language" value="de"/>
    <property name="java.specification.vendor" value="Oracle Corporation"/>
    <property name="java.home" value="C:\Users\Admin\.jdks\adopt-openj9-1.8.0_292\jre"/>
    <property name="ibm.signalhandling.rs" value="false"/>
    <property name="file.separator" value="\"/>
    <property name="jdk.extensions.name" value="Extensions for OpenJDK for Eclipse OpenJ9"/>
    <property name="basedir" value="C:\Temp\git\RandomNumber"/>
    <property name="line.separator" value="&#10;"/>
    <property name="java.vm.specification.vendor" value="Oracle Corporation"/>
    <property name="java.specification.name" value="Java Platform API Specification"/>
    <property name="java.compiler" value="j9jit29"/>
    <property name="com.ibm.util.extralibs.properties" value=""/>
    <property name="java.awt.graphicsenv" value="sun.awt.Win32GraphicsEnvironment"/>
    <property name="com.ibm.oti.configuration" value="scar"/>
    <property name="java.awt.fonts" value=""/>
    <property name="surefire.real.class.path" value="C:\Users\Admin\AppData\Local\Temp\surefire7244858941843573389\surefirebooter7342039629734190086.jar"/>
    <property name="com.ibm.oti.shared.enabled" value="false"/>
    <property name="sun.boot.class.path" value="C:\Users\Admin\.jdks\adopt-openj9-1.8.0_292\jre\bin\default\jclSC180\vm.jar;C:\Users\Admin\.jdks\adopt-openj9-1.8.0_292\jre\lib\se-service.jar;C:\Users\Admin\.jdks\adopt-openj9-1.8.0_292\jre\lib\rt.jar;C:\Users\Admin\.jdks\adopt-openj9-1.8.0_292\jre\lib\resources.jar;C:\Users\Admin\.jdks\adopt-openj9-1.8.0_292\jre\lib\jsse.jar;C:\Users\Admin\.jdks\adopt-openj9-1.8.0_292\jre\lib\charsets.jar;C:\Users\Admin\.jdks\adopt-openj9-1.8.0_292\jre\lib\jce.jar"/>
    <property name="com.ibm.oti.vm.bootstrap.library.path" value="C:\Users\Admin\.jdks\adopt-openj9-1.8.0_292\jre\bin\default;C:\Users\Admin\.jdks\adopt-openj9-1.8.0_292\jre\bin"/>
    <property name="com.ibm.cpu.endian" value="little"/>
    <property name="java.fullversion" value="1.8.0_292-b10&#10;JRE 1.8.0 Windows 10 amd64-64-Bit Compressed References 20210421_1045 (JIT enabled, AOT enabled)&#10;OpenJ9   - b4cc246d9&#10;OMR      - 162e6f729&#10;JCL      - 2a5e268814 based on jdk8u292-b10"/>
    <property name="java.runtime.version" value="1.8.0_292-b10"/>
    <property name="user.name" value="Admin"/>
    <property name="path.separator" value=";"/>
    <property name="os.version" value="10.0"/>
    <property name="java.endorsed.dirs" value="C:\Users\Admin\.jdks\adopt-openj9-1.8.0_292\jre\lib\endorsed"/>
    <property name="java.runtime.name" value="OpenJDK Runtime Environment"/>
    <property name="ibm.signalhandling.sigint" value="true"/>
    <property name="file.encoding" value="Cp1252"/>
    <property name="java.vm.name" value="Eclipse OpenJ9 VM"/>
    <property name="ibm.signalhandling.sigchain" value="true"/>
    <property name="localRepository" value="C:\Users\Admin\.m2\repository"/>
    <property name="java.io.tmpdir" value="C:\Users\Admin\AppData\Local\Temp\"/>
    <property name="idea.version" value="2021.1.2"/>
    <property name="java.version" value="1.8.0_292"/>
    <property name="com.ibm.system.agent.path" value="C:\Users\Admin\.jdks\adopt-openj9-1.8.0_292\jre\bin"/>
    <property name="user.dir" value="C:\Temp\git\RandomNumber"/>
    <property name="os.arch" value="amd64"/>
    <property name="java.vm.specification.name" value="Java Virtual Machine Specification"/>
    <property name="java.awt.printerjob" value="sun.awt.windows.WPrinterJob"/>
    <property name="os.encoding" value="UTF8"/>
    <property name="java.library.path" value="C:\Users\Admin\.jdks\adopt-openj9-1.8.0_292\jre\bin\default;C:\Users\Admin\.jdks\adopt-openj9-1.8.0_292\jre\bin;C:\WINDOWS\system32;C:\WINDOWS;C:\Program Files (x86)\Common Files\Oracle\Java\javapath;C:\WINDOWS\system32;C:\WINDOWS;C:\WINDOWS\System32\Wbem;C:\WINDOWS\System32\WindowsPowerShell\v1.0\;C:\WINDOWS\System32\OpenSSH\;C:\Program Files\Git\cmd;C:\Users\Admin\AppData\Local\Microsoft\WindowsApps;C:\Program Files\JetBrains\IntelliJ IDEA Community Edition 2020.2.1\bin;;C:\Users\Admin\AppData\Local\GitHubDesktop\bin;."/>
    <property name="java.vendor" value="AdoptOpenJDK"/>
    <property name="java.vm.info" value="JRE 1.8.0 Windows 10 amd64-64-Bit Compressed References 20210421_1045 (JIT enabled, AOT enabled)&#10;OpenJ9   - b4cc246d9&#10;OMR      - 162e6f729&#10;JCL      - 2a5e268814 based on jdk8u292-b10"/>
    <property name="java.vm.version" value="openj9-0.26.0"/>
    <property name="com.ibm.jcl.checkClassPath" value=""/>
    <property name="ibm.system.encoding" value="Cp1252"/>
    <property name="sun.io.unicode.encoding" value="UnicodeLittle"/>
    <property name="java.ext.dirs" value="C:\Users\Admin\.jdks\adopt-openj9-1.8.0_292\jre\lib\ext"/>
    <property name="java.class.version" value="52.0"/>
  </properties>
  <testcase name="RandomNumber_lessThan500" classname="at.labuda.TestRandomNumber" time="0.073"/>
  <testcase name="RandomNumber_lessThan600" classname="at.labuda.TestRandomNumber" time="0.002"/>
</testsuite>